-------------------------------------------------------------------------------
Test set: org.apache.commons.jexl3.FinalVarTest
-------------------------------------------------------------------------------
Tests run: 1, Failures: 1, Errors: 0, Skipped: 0, Time elapsed: 0.077 s <<< FAILURE! - in org.apache.commons.jexl3.FinalVarTest
testRedefinedPointer(org.apache.commons.jexl3.FinalVarTest)  Time elapsed: 0.013 s  <<< FAILURE!
java.lang.AssertionError: Should have failed
	at org.apache.commons.jexl3.FinalVarTest.testRedefinedPointer(FinalVarTest.java:135)

