-------------------------------------------------------------------------------
Test set: org.apache.commons.jexl3.ExceptionTest
-------------------------------------------------------------------------------
Tests run: 1, Failures: 1, Errors: 0, Skipped: 0, Time elapsed: 0.073 s <<< FAILURE! - in org.apache.commons.jexl3.ExceptionTest
testExVar(org.apache.commons.jexl3.ExceptionTest)  Time elapsed: 0.024 s  <<< FAILURE!
java.lang.AssertionError
	at org.apache.commons.jexl3.ExceptionTest.testExVar(ExceptionTest.java:190)

