-------------------------------------------------------------------------------
Test set: org.apache.commons.jexl3.Issues200Test
-------------------------------------------------------------------------------
Tests run: 35, Failures: 1, Errors: 0, Skipped: 0, Time elapsed: 0.027 s <<< FAILURE! - in org.apache.commons.jexl3.Issues200Test
test275a(org.apache.commons.jexl3.Issues200Test)  Time elapsed: 0.003 s  <<< FAILURE!
java.lang.AssertionError: should have thrown
	at org.apache.commons.jexl3.Issues200Test.test275a(Issues200Test.java:616)

